2020-08-01 14:14:58,935 INFO 10844 [Timer] D:\react_blog\service\node_modules\egg-multipart\app\schedule\clean_tmpdir.js next time will execute after 51301067ms at 2020-08-02 04:30:00.002
2020-08-01 14:14:58,936 INFO 10844 [Timer] D:\react_blog\service\node_modules\egg-logrotator\app\schedule\clean_log.js next time will execute after 35101064ms at 2020-08-02 00:00:00.000
2020-08-01 14:14:58,936 INFO 10844 [Timer] D:\react_blog\service\node_modules\egg-logrotator\app\schedule\rotate_by_file.js next time will execute after 35102064ms at 2020-08-02 00:00:01.000
2020-08-01 14:14:58,848 INFO 7612 [egg-schedule]: register schedule D:\react_blog\service\node_modules\egg-multipart\app\schedule\clean_tmpdir.js
2020-08-01 14:14:58,848 INFO 7612 [egg-schedule]: register schedule D:\react_blog\service\node_modules\egg-logrotator\app\schedule\clean_log.js
2020-08-01 14:14:58,848 INFO 7612 [egg-schedule]: register schedule D:\react_blog\service\node_modules\egg-logrotator\app\schedule\rotate_by_file.js
2020-08-01 14:19:54,172 INFO 11772 [egg-schedule]: register schedule D:\react_blog\service\node_modules\egg-multipart\app\schedule\clean_tmpdir.js
2020-08-01 14:19:54,172 INFO 11772 [egg-schedule]: register schedule D:\react_blog\service\node_modules\egg-logrotator\app\schedule\clean_log.js
2020-08-01 14:19:54,172 INFO 11772 [egg-schedule]: register schedule D:\react_blog\service\node_modules\egg-logrotator\app\schedule\rotate_by_file.js
2020-08-01 14:20:21,043 INFO 3324 [egg-schedule]: register schedule D:\react_blog\service\node_modules\egg-multipart\app\schedule\clean_tmpdir.js
2020-08-01 14:20:21,043 INFO 3324 [egg-schedule]: register schedule D:\react_blog\service\node_modules\egg-logrotator\app\schedule\clean_log.js
2020-08-01 14:20:21,043 INFO 3324 [egg-schedule]: register schedule D:\react_blog\service\node_modules\egg-logrotator\app\schedule\rotate_by_file.js
2020-08-01 14:29:59,204 INFO 7264 [egg-schedule]: register schedule D:\react_blog\service\node_modules\egg-multipart\app\schedule\clean_tmpdir.js
2020-08-01 14:29:59,204 INFO 7264 [egg-schedule]: register schedule D:\react_blog\service\node_modules\egg-logrotator\app\schedule\clean_log.js
2020-08-01 14:29:59,204 INFO 7264 [egg-schedule]: register schedule D:\react_blog\service\node_modules\egg-logrotator\app\schedule\rotate_by_file.js
2020-08-01 14:31:33,949 INFO 10980 [egg-schedule]: register schedule D:\react_blog\service\node_modules\egg-multipart\app\schedule\clean_tmpdir.js
2020-08-01 14:31:33,949 INFO 10980 [egg-schedule]: register schedule D:\react_blog\service\node_modules\egg-logrotator\app\schedule\clean_log.js
2020-08-01 14:31:33,949 INFO 10980 [egg-schedule]: register schedule D:\react_blog\service\node_modules\egg-logrotator\app\schedule\rotate_by_file.js
2020-08-01 14:33:10,528 INFO 3548 [Timer] D:\react_blog\service\node_modules\egg-multipart\app\schedule\clean_tmpdir.js next time will execute after 50209474ms at 2020-08-02 04:30:00.002
2020-08-01 14:33:10,528 INFO 3548 [Timer] D:\react_blog\service\node_modules\egg-logrotator\app\schedule\clean_log.js next time will execute after 34009472ms at 2020-08-02 00:00:00.000
2020-08-01 14:33:10,528 INFO 3548 [Timer] D:\react_blog\service\node_modules\egg-logrotator\app\schedule\rotate_by_file.js next time will execute after 34010472ms at 2020-08-02 00:00:01.000
2020-08-01 14:33:10,462 INFO 13256 [egg-schedule]: register schedule D:\react_blog\service\node_modules\egg-multipart\app\schedule\clean_tmpdir.js
2020-08-01 14:33:10,462 INFO 13256 [egg-schedule]: register schedule D:\react_blog\service\node_modules\egg-logrotator\app\schedule\clean_log.js
2020-08-01 14:33:10,462 INFO 13256 [egg-schedule]: register schedule D:\react_blog\service\node_modules\egg-logrotator\app\schedule\rotate_by_file.js
2020-08-01 14:35:07,214 INFO 14052 [egg-schedule]: register schedule D:\react_blog\service\node_modules\egg-multipart\app\schedule\clean_tmpdir.js
2020-08-01 14:35:07,214 INFO 14052 [egg-schedule]: register schedule D:\react_blog\service\node_modules\egg-logrotator\app\schedule\clean_log.js
2020-08-01 14:35:07,214 INFO 14052 [egg-schedule]: register schedule D:\react_blog\service\node_modules\egg-logrotator\app\schedule\rotate_by_file.js
2020-08-01 14:40:01,551 INFO 12456 [egg-schedule]: register schedule D:\react_blog\service\node_modules\egg-multipart\app\schedule\clean_tmpdir.js
2020-08-01 14:40:01,551 INFO 12456 [egg-schedule]: register schedule D:\react_blog\service\node_modules\egg-logrotator\app\schedule\clean_log.js
2020-08-01 14:40:01,551 INFO 12456 [egg-schedule]: register schedule D:\react_blog\service\node_modules\egg-logrotator\app\schedule\rotate_by_file.js
2020-08-01 14:49:27,261 INFO 5440 [egg-schedule]: register schedule D:\react_blog\service\node_modules\egg-multipart\app\schedule\clean_tmpdir.js
2020-08-01 14:49:27,261 INFO 5440 [egg-schedule]: register schedule D:\react_blog\service\node_modules\egg-logrotator\app\schedule\clean_log.js
2020-08-01 14:49:27,261 INFO 5440 [egg-schedule]: register schedule D:\react_blog\service\node_modules\egg-logrotator\app\schedule\rotate_by_file.js
2020-08-01 18:36:17,165 INFO 6656 [egg-schedule]: register schedule D:\react_blog\service\node_modules\_egg-multipart@2.10.3@egg-multipart\app\schedule\clean_tmpdir.js
2020-08-01 18:36:17,165 INFO 6656 [egg-schedule]: register schedule D:\react_blog\service\node_modules\_egg-logrotator@3.1.0@egg-logrotator\app\schedule\clean_log.js
2020-08-01 18:36:17,165 INFO 6656 [egg-schedule]: register schedule D:\react_blog\service\node_modules\_egg-logrotator@3.1.0@egg-logrotator\app\schedule\rotate_by_file.js
2020-08-01 18:40:09,446 INFO 13556 [Timer] D:\react_blog\service\node_modules\_egg-multipart@2.10.3@egg-multipart\app\schedule\clean_tmpdir.js next time will execute after 35390556ms at 2020-08-02 04:30:00.002
2020-08-01 18:40:09,446 INFO 13556 [Timer] D:\react_blog\service\node_modules\_egg-logrotator@3.1.0@egg-logrotator\app\schedule\clean_log.js next time will execute after 19190554ms at 2020-08-02 00:00:00.000
2020-08-01 18:40:09,446 INFO 13556 [Timer] D:\react_blog\service\node_modules\_egg-logrotator@3.1.0@egg-logrotator\app\schedule\rotate_by_file.js next time will execute after 19191554ms at 2020-08-02 00:00:01.000
2020-08-01 18:40:09,365 INFO 5460 [egg-schedule]: register schedule D:\react_blog\service\node_modules\_egg-multipart@2.10.3@egg-multipart\app\schedule\clean_tmpdir.js
2020-08-01 18:40:09,365 INFO 5460 [egg-schedule]: register schedule D:\react_blog\service\node_modules\_egg-logrotator@3.1.0@egg-logrotator\app\schedule\clean_log.js
2020-08-01 18:40:09,365 INFO 5460 [egg-schedule]: register schedule D:\react_blog\service\node_modules\_egg-logrotator@3.1.0@egg-logrotator\app\schedule\rotate_by_file.js
2020-08-01 18:41:46,665 INFO 15272 [egg-schedule]: register schedule D:\react_blog\service\node_modules\_egg-multipart@2.10.3@egg-multipart\app\schedule\clean_tmpdir.js
2020-08-01 18:41:46,665 INFO 15272 [egg-schedule]: register schedule D:\react_blog\service\node_modules\_egg-logrotator@3.1.0@egg-logrotator\app\schedule\clean_log.js
2020-08-01 18:41:46,665 INFO 15272 [egg-schedule]: register schedule D:\react_blog\service\node_modules\_egg-logrotator@3.1.0@egg-logrotator\app\schedule\rotate_by_file.js
2020-08-01 18:57:36,296 INFO 15800 [egg-schedule]: register schedule D:\react_blog\service\node_modules\_egg-multipart@2.10.3@egg-multipart\app\schedule\clean_tmpdir.js
2020-08-01 18:57:36,296 INFO 15800 [egg-schedule]: register schedule D:\react_blog\service\node_modules\_egg-logrotator@3.1.0@egg-logrotator\app\schedule\clean_log.js
2020-08-01 18:57:36,296 INFO 15800 [egg-schedule]: register schedule D:\react_blog\service\node_modules\_egg-logrotator@3.1.0@egg-logrotator\app\schedule\rotate_by_file.js
2020-08-01 18:58:53,125 INFO 10876 [egg-schedule]: register schedule D:\react_blog\service\node_modules\_egg-multipart@2.10.3@egg-multipart\app\schedule\clean_tmpdir.js
2020-08-01 18:58:53,125 INFO 10876 [egg-schedule]: register schedule D:\react_blog\service\node_modules\_egg-logrotator@3.1.0@egg-logrotator\app\schedule\clean_log.js
2020-08-01 18:58:53,125 INFO 10876 [egg-schedule]: register schedule D:\react_blog\service\node_modules\_egg-logrotator@3.1.0@egg-logrotator\app\schedule\rotate_by_file.js
2020-08-01 18:59:33,414 INFO 2708 [egg-schedule]: register schedule D:\react_blog\service\node_modules\_egg-multipart@2.10.3@egg-multipart\app\schedule\clean_tmpdir.js
2020-08-01 18:59:33,414 INFO 2708 [egg-schedule]: register schedule D:\react_blog\service\node_modules\_egg-logrotator@3.1.0@egg-logrotator\app\schedule\clean_log.js
2020-08-01 18:59:33,414 INFO 2708 [egg-schedule]: register schedule D:\react_blog\service\node_modules\_egg-logrotator@3.1.0@egg-logrotator\app\schedule\rotate_by_file.js
2020-08-01 19:08:37,020 INFO 16196 [egg-schedule]: register schedule D:\react_blog\service\node_modules\_egg-multipart@2.10.3@egg-multipart\app\schedule\clean_tmpdir.js
2020-08-01 19:08:37,020 INFO 16196 [egg-schedule]: register schedule D:\react_blog\service\node_modules\_egg-logrotator@3.1.0@egg-logrotator\app\schedule\clean_log.js
2020-08-01 19:08:37,020 INFO 16196 [egg-schedule]: register schedule D:\react_blog\service\node_modules\_egg-logrotator@3.1.0@egg-logrotator\app\schedule\rotate_by_file.js
2020-08-01 19:09:48,841 INFO 9384 [egg-schedule]: register schedule D:\react_blog\service\node_modules\_egg-multipart@2.10.3@egg-multipart\app\schedule\clean_tmpdir.js
2020-08-01 19:09:48,841 INFO 9384 [egg-schedule]: register schedule D:\react_blog\service\node_modules\_egg-logrotator@3.1.0@egg-logrotator\app\schedule\clean_log.js
2020-08-01 19:09:48,841 INFO 9384 [egg-schedule]: register schedule D:\react_blog\service\node_modules\_egg-logrotator@3.1.0@egg-logrotator\app\schedule\rotate_by_file.js
2020-08-01 19:10:09,054 INFO 2716 [egg-schedule]: register schedule D:\react_blog\service\node_modules\_egg-multipart@2.10.3@egg-multipart\app\schedule\clean_tmpdir.js
2020-08-01 19:10:09,054 INFO 2716 [egg-schedule]: register schedule D:\react_blog\service\node_modules\_egg-logrotator@3.1.0@egg-logrotator\app\schedule\clean_log.js
2020-08-01 19:10:09,054 INFO 2716 [egg-schedule]: register schedule D:\react_blog\service\node_modules\_egg-logrotator@3.1.0@egg-logrotator\app\schedule\rotate_by_file.js
2020-08-01 19:10:53,391 INFO 14808 [egg-schedule]: register schedule D:\react_blog\service\node_modules\_egg-multipart@2.10.3@egg-multipart\app\schedule\clean_tmpdir.js
2020-08-01 19:10:53,391 INFO 14808 [egg-schedule]: register schedule D:\react_blog\service\node_modules\_egg-logrotator@3.1.0@egg-logrotator\app\schedule\clean_log.js
2020-08-01 19:10:53,391 INFO 14808 [egg-schedule]: register schedule D:\react_blog\service\node_modules\_egg-logrotator@3.1.0@egg-logrotator\app\schedule\rotate_by_file.js
2020-08-01 19:11:56,588 INFO 4988 [egg-schedule]: register schedule D:\react_blog\service\node_modules\_egg-multipart@2.10.3@egg-multipart\app\schedule\clean_tmpdir.js
2020-08-01 19:11:56,588 INFO 4988 [egg-schedule]: register schedule D:\react_blog\service\node_modules\_egg-logrotator@3.1.0@egg-logrotator\app\schedule\clean_log.js
2020-08-01 19:11:56,588 INFO 4988 [egg-schedule]: register schedule D:\react_blog\service\node_modules\_egg-logrotator@3.1.0@egg-logrotator\app\schedule\rotate_by_file.js
2020-08-01 19:12:45,031 INFO 1464 [egg-schedule]: register schedule D:\react_blog\service\node_modules\_egg-multipart@2.10.3@egg-multipart\app\schedule\clean_tmpdir.js
2020-08-01 19:12:45,031 INFO 1464 [egg-schedule]: register schedule D:\react_blog\service\node_modules\_egg-logrotator@3.1.0@egg-logrotator\app\schedule\clean_log.js
2020-08-01 19:12:45,031 INFO 1464 [egg-schedule]: register schedule D:\react_blog\service\node_modules\_egg-logrotator@3.1.0@egg-logrotator\app\schedule\rotate_by_file.js
2020-08-01 19:14:57,060 INFO 4336 [egg-schedule]: register schedule D:\react_blog\service\node_modules\_egg-multipart@2.10.3@egg-multipart\app\schedule\clean_tmpdir.js
2020-08-01 19:14:57,060 INFO 4336 [egg-schedule]: register schedule D:\react_blog\service\node_modules\_egg-logrotator@3.1.0@egg-logrotator\app\schedule\clean_log.js
2020-08-01 19:14:57,060 INFO 4336 [egg-schedule]: register schedule D:\react_blog\service\node_modules\_egg-logrotator@3.1.0@egg-logrotator\app\schedule\rotate_by_file.js
2020-08-01 19:15:49,036 INFO 16100 [egg-schedule]: register schedule D:\react_blog\service\node_modules\_egg-multipart@2.10.3@egg-multipart\app\schedule\clean_tmpdir.js
2020-08-01 19:15:49,036 INFO 16100 [egg-schedule]: register schedule D:\react_blog\service\node_modules\_egg-logrotator@3.1.0@egg-logrotator\app\schedule\clean_log.js
2020-08-01 19:15:49,036 INFO 16100 [egg-schedule]: register schedule D:\react_blog\service\node_modules\_egg-logrotator@3.1.0@egg-logrotator\app\schedule\rotate_by_file.js
2020-08-01 19:15:50,122 INFO 12564 [egg-schedule]: register schedule D:\react_blog\service\node_modules\_egg-multipart@2.10.3@egg-multipart\app\schedule\clean_tmpdir.js
2020-08-01 19:15:50,122 INFO 12564 [egg-schedule]: register schedule D:\react_blog\service\node_modules\_egg-logrotator@3.1.0@egg-logrotator\app\schedule\clean_log.js
2020-08-01 19:15:50,122 INFO 12564 [egg-schedule]: register schedule D:\react_blog\service\node_modules\_egg-logrotator@3.1.0@egg-logrotator\app\schedule\rotate_by_file.js
2020-08-01 19:59:03,529 INFO 3460 [egg-schedule]: register schedule D:\react_blog\service\node_modules\_egg-multipart@2.10.3@egg-multipart\app\schedule\clean_tmpdir.js
2020-08-01 19:59:03,529 INFO 3460 [egg-schedule]: register schedule D:\react_blog\service\node_modules\_egg-logrotator@3.1.0@egg-logrotator\app\schedule\clean_log.js
2020-08-01 19:59:03,529 INFO 3460 [egg-schedule]: register schedule D:\react_blog\service\node_modules\_egg-logrotator@3.1.0@egg-logrotator\app\schedule\rotate_by_file.js
2020-08-01 19:59:04,460 INFO 15924 [egg-schedule]: register schedule D:\react_blog\service\node_modules\_egg-multipart@2.10.3@egg-multipart\app\schedule\clean_tmpdir.js
2020-08-01 19:59:04,460 INFO 15924 [egg-schedule]: register schedule D:\react_blog\service\node_modules\_egg-logrotator@3.1.0@egg-logrotator\app\schedule\clean_log.js
2020-08-01 19:59:04,460 INFO 15924 [egg-schedule]: register schedule D:\react_blog\service\node_modules\_egg-logrotator@3.1.0@egg-logrotator\app\schedule\rotate_by_file.js
2020-08-01 19:59:18,685 INFO 12784 [egg-schedule]: register schedule D:\react_blog\service\node_modules\_egg-multipart@2.10.3@egg-multipart\app\schedule\clean_tmpdir.js
2020-08-01 19:59:18,685 INFO 12784 [egg-schedule]: register schedule D:\react_blog\service\node_modules\_egg-logrotator@3.1.0@egg-logrotator\app\schedule\clean_log.js
2020-08-01 19:59:18,685 INFO 12784 [egg-schedule]: register schedule D:\react_blog\service\node_modules\_egg-logrotator@3.1.0@egg-logrotator\app\schedule\rotate_by_file.js
2020-08-01 20:00:15,329 INFO 15348 [egg-schedule]: register schedule D:\react_blog\service\node_modules\_egg-multipart@2.10.3@egg-multipart\app\schedule\clean_tmpdir.js
2020-08-01 20:00:15,329 INFO 15348 [egg-schedule]: register schedule D:\react_blog\service\node_modules\_egg-logrotator@3.1.0@egg-logrotator\app\schedule\clean_log.js
2020-08-01 20:00:15,329 INFO 15348 [egg-schedule]: register schedule D:\react_blog\service\node_modules\_egg-logrotator@3.1.0@egg-logrotator\app\schedule\rotate_by_file.js
2020-08-01 20:18:19,131 INFO 12348 [egg-schedule]: register schedule D:\react_blog\service\node_modules\_egg-multipart@2.10.3@egg-multipart\app\schedule\clean_tmpdir.js
2020-08-01 20:18:19,131 INFO 12348 [egg-schedule]: register schedule D:\react_blog\service\node_modules\_egg-logrotator@3.1.0@egg-logrotator\app\schedule\clean_log.js
2020-08-01 20:18:19,131 INFO 12348 [egg-schedule]: register schedule D:\react_blog\service\node_modules\_egg-logrotator@3.1.0@egg-logrotator\app\schedule\rotate_by_file.js
2020-08-01 20:20:35,086 INFO 15824 [egg-schedule]: register schedule D:\react_blog\service\node_modules\_egg-multipart@2.10.3@egg-multipart\app\schedule\clean_tmpdir.js
2020-08-01 20:20:35,086 INFO 15824 [egg-schedule]: register schedule D:\react_blog\service\node_modules\_egg-logrotator@3.1.0@egg-logrotator\app\schedule\clean_log.js
2020-08-01 20:20:35,086 INFO 15824 [egg-schedule]: register schedule D:\react_blog\service\node_modules\_egg-logrotator@3.1.0@egg-logrotator\app\schedule\rotate_by_file.js
2020-08-01 20:20:48,783 INFO 8984 [egg-schedule]: register schedule D:\react_blog\service\node_modules\_egg-multipart@2.10.3@egg-multipart\app\schedule\clean_tmpdir.js
2020-08-01 20:20:48,783 INFO 8984 [egg-schedule]: register schedule D:\react_blog\service\node_modules\_egg-logrotator@3.1.0@egg-logrotator\app\schedule\clean_log.js
2020-08-01 20:20:48,783 INFO 8984 [egg-schedule]: register schedule D:\react_blog\service\node_modules\_egg-logrotator@3.1.0@egg-logrotator\app\schedule\rotate_by_file.js
2020-08-01 20:26:49,048 INFO 12348 [egg-schedule]: register schedule D:\react_blog\service\node_modules\_egg-multipart@2.10.3@egg-multipart\app\schedule\clean_tmpdir.js
2020-08-01 20:26:49,048 INFO 12348 [egg-schedule]: register schedule D:\react_blog\service\node_modules\_egg-logrotator@3.1.0@egg-logrotator\app\schedule\clean_log.js
2020-08-01 20:26:49,048 INFO 12348 [egg-schedule]: register schedule D:\react_blog\service\node_modules\_egg-logrotator@3.1.0@egg-logrotator\app\schedule\rotate_by_file.js
2020-08-01 20:43:45,343 INFO 15664 [egg-schedule]: register schedule D:\react_blog\service\node_modules\_egg-multipart@2.10.3@egg-multipart\app\schedule\clean_tmpdir.js
2020-08-01 20:43:45,343 INFO 15664 [egg-schedule]: register schedule D:\react_blog\service\node_modules\_egg-logrotator@3.1.0@egg-logrotator\app\schedule\clean_log.js
2020-08-01 20:43:45,343 INFO 15664 [egg-schedule]: register schedule D:\react_blog\service\node_modules\_egg-logrotator@3.1.0@egg-logrotator\app\schedule\rotate_by_file.js
2020-08-01 20:44:11,778 INFO 2428 [egg-schedule]: register schedule D:\react_blog\service\node_modules\_egg-multipart@2.10.3@egg-multipart\app\schedule\clean_tmpdir.js
2020-08-01 20:44:11,778 INFO 2428 [egg-schedule]: register schedule D:\react_blog\service\node_modules\_egg-logrotator@3.1.0@egg-logrotator\app\schedule\clean_log.js
2020-08-01 20:44:11,778 INFO 2428 [egg-schedule]: register schedule D:\react_blog\service\node_modules\_egg-logrotator@3.1.0@egg-logrotator\app\schedule\rotate_by_file.js
2020-08-01 20:44:32,438 INFO 16332 [egg-schedule]: register schedule D:\react_blog\service\node_modules\_egg-multipart@2.10.3@egg-multipart\app\schedule\clean_tmpdir.js
2020-08-01 20:44:32,438 INFO 16332 [egg-schedule]: register schedule D:\react_blog\service\node_modules\_egg-logrotator@3.1.0@egg-logrotator\app\schedule\clean_log.js
2020-08-01 20:44:32,438 INFO 16332 [egg-schedule]: register schedule D:\react_blog\service\node_modules\_egg-logrotator@3.1.0@egg-logrotator\app\schedule\rotate_by_file.js
2020-08-01 20:45:12,988 INFO 16364 [egg-schedule]: register schedule D:\react_blog\service\node_modules\_egg-multipart@2.10.3@egg-multipart\app\schedule\clean_tmpdir.js
2020-08-01 20:45:12,989 INFO 16364 [egg-schedule]: register schedule D:\react_blog\service\node_modules\_egg-logrotator@3.1.0@egg-logrotator\app\schedule\clean_log.js
2020-08-01 20:45:12,989 INFO 16364 [egg-schedule]: register schedule D:\react_blog\service\node_modules\_egg-logrotator@3.1.0@egg-logrotator\app\schedule\rotate_by_file.js
2020-08-01 20:46:42,745 INFO 8336 [egg-schedule]: register schedule D:\react_blog\service\node_modules\_egg-multipart@2.10.3@egg-multipart\app\schedule\clean_tmpdir.js
2020-08-01 20:46:42,745 INFO 8336 [egg-schedule]: register schedule D:\react_blog\service\node_modules\_egg-logrotator@3.1.0@egg-logrotator\app\schedule\clean_log.js
2020-08-01 20:46:42,745 INFO 8336 [egg-schedule]: register schedule D:\react_blog\service\node_modules\_egg-logrotator@3.1.0@egg-logrotator\app\schedule\rotate_by_file.js
2020-08-01 20:58:36,890 INFO 2972 [egg-schedule]: register schedule D:\react_blog\service\node_modules\_egg-multipart@2.10.3@egg-multipart\app\schedule\clean_tmpdir.js
2020-08-01 20:58:36,890 INFO 2972 [egg-schedule]: register schedule D:\react_blog\service\node_modules\_egg-logrotator@3.1.0@egg-logrotator\app\schedule\clean_log.js
2020-08-01 20:58:36,890 INFO 2972 [egg-schedule]: register schedule D:\react_blog\service\node_modules\_egg-logrotator@3.1.0@egg-logrotator\app\schedule\rotate_by_file.js
2020-08-01 20:58:37,028 INFO 7488 [Timer] D:\react_blog\service\node_modules\_egg-multipart@2.10.3@egg-multipart\app\schedule\clean_tmpdir.js next time will execute after 27082974ms at 2020-08-02 04:30:00.002
2020-08-01 20:58:37,029 INFO 7488 [Timer] D:\react_blog\service\node_modules\_egg-logrotator@3.1.0@egg-logrotator\app\schedule\clean_log.js next time will execute after 10882972ms at 2020-08-02 00:00:00.001
2020-08-01 20:58:37,029 INFO 7488 [Timer] D:\react_blog\service\node_modules\_egg-logrotator@3.1.0@egg-logrotator\app\schedule\rotate_by_file.js next time will execute after 10883971ms at 2020-08-02 00:00:01.000
2020-08-01 21:00:28,655 INFO 1072 [egg-schedule]: register schedule D:\react_blog\service\node_modules\_egg-multipart@2.10.3@egg-multipart\app\schedule\clean_tmpdir.js
2020-08-01 21:00:28,655 INFO 1072 [egg-schedule]: register schedule D:\react_blog\service\node_modules\_egg-logrotator@3.1.0@egg-logrotator\app\schedule\clean_log.js
2020-08-01 21:00:28,655 INFO 1072 [egg-schedule]: register schedule D:\react_blog\service\node_modules\_egg-logrotator@3.1.0@egg-logrotator\app\schedule\rotate_by_file.js
2020-08-01 21:01:32,159 INFO 14696 [egg-schedule]: register schedule D:\react_blog\service\node_modules\_egg-multipart@2.10.3@egg-multipart\app\schedule\clean_tmpdir.js
2020-08-01 21:01:32,159 INFO 14696 [egg-schedule]: register schedule D:\react_blog\service\node_modules\_egg-logrotator@3.1.0@egg-logrotator\app\schedule\clean_log.js
2020-08-01 21:01:32,159 INFO 14696 [egg-schedule]: register schedule D:\react_blog\service\node_modules\_egg-logrotator@3.1.0@egg-logrotator\app\schedule\rotate_by_file.js
2020-08-01 21:04:06,337 INFO 2852 [egg-schedule]: register schedule D:\react_blog\service\node_modules\_egg-multipart@2.10.3@egg-multipart\app\schedule\clean_tmpdir.js
2020-08-01 21:04:06,337 INFO 2852 [egg-schedule]: register schedule D:\react_blog\service\node_modules\_egg-logrotator@3.1.0@egg-logrotator\app\schedule\clean_log.js
2020-08-01 21:04:06,337 INFO 2852 [egg-schedule]: register schedule D:\react_blog\service\node_modules\_egg-logrotator@3.1.0@egg-logrotator\app\schedule\rotate_by_file.js
2020-08-01 21:55:42,149 INFO 9540 [egg-schedule]: register schedule D:\react_blog\service\node_modules\_egg-multipart@2.10.3@egg-multipart\app\schedule\clean_tmpdir.js
2020-08-01 21:55:42,149 INFO 9540 [egg-schedule]: register schedule D:\react_blog\service\node_modules\_egg-logrotator@3.1.0@egg-logrotator\app\schedule\clean_log.js
2020-08-01 21:55:42,149 INFO 9540 [egg-schedule]: register schedule D:\react_blog\service\node_modules\_egg-logrotator@3.1.0@egg-logrotator\app\schedule\rotate_by_file.js
2020-08-01 21:55:43,287 INFO 6880 [egg-schedule]: register schedule D:\react_blog\service\node_modules\_egg-multipart@2.10.3@egg-multipart\app\schedule\clean_tmpdir.js
2020-08-01 21:55:43,287 INFO 6880 [egg-schedule]: register schedule D:\react_blog\service\node_modules\_egg-logrotator@3.1.0@egg-logrotator\app\schedule\clean_log.js
2020-08-01 21:55:43,287 INFO 6880 [egg-schedule]: register schedule D:\react_blog\service\node_modules\_egg-logrotator@3.1.0@egg-logrotator\app\schedule\rotate_by_file.js
2020-08-01 22:09:58,040 INFO 1696 [egg-schedule]: register schedule D:\react_blog\service\node_modules\_egg-multipart@2.10.3@egg-multipart\app\schedule\clean_tmpdir.js
2020-08-01 22:09:58,040 INFO 1696 [egg-schedule]: register schedule D:\react_blog\service\node_modules\_egg-logrotator@3.1.0@egg-logrotator\app\schedule\clean_log.js
2020-08-01 22:09:58,040 INFO 1696 [egg-schedule]: register schedule D:\react_blog\service\node_modules\_egg-logrotator@3.1.0@egg-logrotator\app\schedule\rotate_by_file.js
2020-08-01 22:09:59,001 INFO 14404 [egg-schedule]: register schedule D:\react_blog\service\node_modules\_egg-multipart@2.10.3@egg-multipart\app\schedule\clean_tmpdir.js
2020-08-01 22:09:59,001 INFO 14404 [egg-schedule]: register schedule D:\react_blog\service\node_modules\_egg-logrotator@3.1.0@egg-logrotator\app\schedule\clean_log.js
2020-08-01 22:09:59,001 INFO 14404 [egg-schedule]: register schedule D:\react_blog\service\node_modules\_egg-logrotator@3.1.0@egg-logrotator\app\schedule\rotate_by_file.js
2020-08-01 22:10:18,896 INFO 7988 [egg-schedule]: register schedule D:\react_blog\service\node_modules\_egg-multipart@2.10.3@egg-multipart\app\schedule\clean_tmpdir.js
2020-08-01 22:10:18,897 INFO 7988 [egg-schedule]: register schedule D:\react_blog\service\node_modules\_egg-logrotator@3.1.0@egg-logrotator\app\schedule\clean_log.js
2020-08-01 22:10:18,897 INFO 7988 [egg-schedule]: register schedule D:\react_blog\service\node_modules\_egg-logrotator@3.1.0@egg-logrotator\app\schedule\rotate_by_file.js
2020-08-01 22:12:25,452 INFO 5604 [egg-schedule]: register schedule D:\react_blog\service\node_modules\_egg-multipart@2.10.3@egg-multipart\app\schedule\clean_tmpdir.js
2020-08-01 22:12:25,452 INFO 5604 [egg-schedule]: register schedule D:\react_blog\service\node_modules\_egg-logrotator@3.1.0@egg-logrotator\app\schedule\clean_log.js
2020-08-01 22:12:25,452 INFO 5604 [egg-schedule]: register schedule D:\react_blog\service\node_modules\_egg-logrotator@3.1.0@egg-logrotator\app\schedule\rotate_by_file.js
2020-08-01 22:25:37,734 INFO 15428 [egg-schedule]: register schedule D:\react_blog\service\node_modules\_egg-multipart@2.10.3@egg-multipart\app\schedule\clean_tmpdir.js
2020-08-01 22:25:37,734 INFO 15428 [egg-schedule]: register schedule D:\react_blog\service\node_modules\_egg-logrotator@3.1.0@egg-logrotator\app\schedule\clean_log.js
2020-08-01 22:25:37,734 INFO 15428 [egg-schedule]: register schedule D:\react_blog\service\node_modules\_egg-logrotator@3.1.0@egg-logrotator\app\schedule\rotate_by_file.js
2020-08-01 22:26:04,275 INFO 16200 [egg-schedule]: register schedule D:\react_blog\service\node_modules\_egg-multipart@2.10.3@egg-multipart\app\schedule\clean_tmpdir.js
2020-08-01 22:26:04,275 INFO 16200 [egg-schedule]: register schedule D:\react_blog\service\node_modules\_egg-logrotator@3.1.0@egg-logrotator\app\schedule\clean_log.js
2020-08-01 22:26:04,275 INFO 16200 [egg-schedule]: register schedule D:\react_blog\service\node_modules\_egg-logrotator@3.1.0@egg-logrotator\app\schedule\rotate_by_file.js
2020-08-01 22:26:36,006 INFO 10476 [egg-schedule]: register schedule D:\react_blog\service\node_modules\_egg-multipart@2.10.3@egg-multipart\app\schedule\clean_tmpdir.js
2020-08-01 22:26:36,007 INFO 10476 [egg-schedule]: register schedule D:\react_blog\service\node_modules\_egg-logrotator@3.1.0@egg-logrotator\app\schedule\clean_log.js
2020-08-01 22:26:36,007 INFO 10476 [egg-schedule]: register schedule D:\react_blog\service\node_modules\_egg-logrotator@3.1.0@egg-logrotator\app\schedule\rotate_by_file.js
2020-08-01 22:26:49,617 INFO 12872 [egg-schedule]: register schedule D:\react_blog\service\node_modules\_egg-multipart@2.10.3@egg-multipart\app\schedule\clean_tmpdir.js
2020-08-01 22:26:49,617 INFO 12872 [egg-schedule]: register schedule D:\react_blog\service\node_modules\_egg-logrotator@3.1.0@egg-logrotator\app\schedule\clean_log.js
2020-08-01 22:26:49,617 INFO 12872 [egg-schedule]: register schedule D:\react_blog\service\node_modules\_egg-logrotator@3.1.0@egg-logrotator\app\schedule\rotate_by_file.js
2020-08-02 18:38:14,344 INFO 11568 [egg-schedule]: register schedule D:\react_blog\service\node_modules\_egg-multipart@2.10.3@egg-multipart\app\schedule\clean_tmpdir.js
2020-08-02 18:38:14,344 INFO 11568 [egg-schedule]: register schedule D:\react_blog\service\node_modules\_egg-logrotator@3.1.0@egg-logrotator\app\schedule\clean_log.js
2020-08-02 18:38:14,344 INFO 11568 [egg-schedule]: register schedule D:\react_blog\service\node_modules\_egg-logrotator@3.1.0@egg-logrotator\app\schedule\rotate_by_file.js
2020-08-02 18:40:53,807 INFO 8320 [Timer] D:\react_blog\service\node_modules\_egg-multipart@2.10.3@egg-multipart\app\schedule\clean_tmpdir.js next time will execute after 35346194ms at 2020-08-03 04:30:00.001
2020-08-02 18:40:53,808 INFO 8320 [Timer] D:\react_blog\service\node_modules\_egg-logrotator@3.1.0@egg-logrotator\app\schedule\clean_log.js next time will execute after 19146192ms at 2020-08-03 00:00:00.000
2020-08-02 18:40:53,808 INFO 8320 [Timer] D:\react_blog\service\node_modules\_egg-logrotator@3.1.0@egg-logrotator\app\schedule\rotate_by_file.js next time will execute after 19147192ms at 2020-08-03 00:00:01.000
2020-08-02 18:40:53,673 INFO 16092 [egg-schedule]: register schedule D:\react_blog\service\node_modules\_egg-multipart@2.10.3@egg-multipart\app\schedule\clean_tmpdir.js
2020-08-02 18:40:53,673 INFO 16092 [egg-schedule]: register schedule D:\react_blog\service\node_modules\_egg-logrotator@3.1.0@egg-logrotator\app\schedule\clean_log.js
2020-08-02 18:40:53,673 INFO 16092 [egg-schedule]: register schedule D:\react_blog\service\node_modules\_egg-logrotator@3.1.0@egg-logrotator\app\schedule\rotate_by_file.js
2020-08-02 19:52:48,144 INFO 1432 [egg-schedule]: register schedule D:\react_blog\service\node_modules\_egg-multipart@2.10.3@egg-multipart\app\schedule\clean_tmpdir.js
2020-08-02 19:52:48,144 INFO 1432 [egg-schedule]: register schedule D:\react_blog\service\node_modules\_egg-logrotator@3.1.0@egg-logrotator\app\schedule\clean_log.js
2020-08-02 19:52:48,144 INFO 1432 [egg-schedule]: register schedule D:\react_blog\service\node_modules\_egg-logrotator@3.1.0@egg-logrotator\app\schedule\rotate_by_file.js
2020-08-02 19:52:49,123 INFO 3608 [egg-schedule]: register schedule D:\react_blog\service\node_modules\_egg-multipart@2.10.3@egg-multipart\app\schedule\clean_tmpdir.js
2020-08-02 19:52:49,123 INFO 3608 [egg-schedule]: register schedule D:\react_blog\service\node_modules\_egg-logrotator@3.1.0@egg-logrotator\app\schedule\clean_log.js
2020-08-02 19:52:49,123 INFO 3608 [egg-schedule]: register schedule D:\react_blog\service\node_modules\_egg-logrotator@3.1.0@egg-logrotator\app\schedule\rotate_by_file.js
2020-08-02 19:54:18,626 INFO 4484 [egg-schedule]: register schedule D:\react_blog\service\node_modules\_egg-multipart@2.10.3@egg-multipart\app\schedule\clean_tmpdir.js
2020-08-02 19:54:18,626 INFO 4484 [egg-schedule]: register schedule D:\react_blog\service\node_modules\_egg-logrotator@3.1.0@egg-logrotator\app\schedule\clean_log.js
2020-08-02 19:54:18,626 INFO 4484 [egg-schedule]: register schedule D:\react_blog\service\node_modules\_egg-logrotator@3.1.0@egg-logrotator\app\schedule\rotate_by_file.js
2020-08-02 19:55:19,864 INFO 11432 [egg-schedule]: register schedule D:\react_blog\service\node_modules\_egg-multipart@2.10.3@egg-multipart\app\schedule\clean_tmpdir.js
2020-08-02 19:55:19,864 INFO 11432 [egg-schedule]: register schedule D:\react_blog\service\node_modules\_egg-logrotator@3.1.0@egg-logrotator\app\schedule\clean_log.js
2020-08-02 19:55:19,864 INFO 11432 [egg-schedule]: register schedule D:\react_blog\service\node_modules\_egg-logrotator@3.1.0@egg-logrotator\app\schedule\rotate_by_file.js
2020-08-02 20:06:30,713 INFO 15972 [Timer] D:\react_blog\service\node_modules\_egg-multipart@2.10.3@egg-multipart\app\schedule\clean_tmpdir.js next time will execute after 30209289ms at 2020-08-03 04:30:00.002
2020-08-02 20:06:30,713 INFO 15972 [Timer] D:\react_blog\service\node_modules\_egg-logrotator@3.1.0@egg-logrotator\app\schedule\clean_log.js next time will execute after 14009287ms at 2020-08-03 00:00:00.000
2020-08-02 20:06:30,713 INFO 15972 [Timer] D:\react_blog\service\node_modules\_egg-logrotator@3.1.0@egg-logrotator\app\schedule\rotate_by_file.js next time will execute after 14010287ms at 2020-08-03 00:00:01.000
2020-08-02 20:06:30,576 INFO 13892 [egg-schedule]: register schedule D:\react_blog\service\node_modules\_egg-multipart@2.10.3@egg-multipart\app\schedule\clean_tmpdir.js
2020-08-02 20:06:30,577 INFO 13892 [egg-schedule]: register schedule D:\react_blog\service\node_modules\_egg-logrotator@3.1.0@egg-logrotator\app\schedule\clean_log.js
2020-08-02 20:06:30,577 INFO 13892 [egg-schedule]: register schedule D:\react_blog\service\node_modules\_egg-logrotator@3.1.0@egg-logrotator\app\schedule\rotate_by_file.js
2020-08-02 20:07:12,049 INFO 15592 [egg-schedule]: register schedule D:\react_blog\service\node_modules\_egg-multipart@2.10.3@egg-multipart\app\schedule\clean_tmpdir.js
2020-08-02 20:07:12,049 INFO 15592 [egg-schedule]: register schedule D:\react_blog\service\node_modules\_egg-logrotator@3.1.0@egg-logrotator\app\schedule\clean_log.js
2020-08-02 20:07:12,049 INFO 15592 [egg-schedule]: register schedule D:\react_blog\service\node_modules\_egg-logrotator@3.1.0@egg-logrotator\app\schedule\rotate_by_file.js
2020-08-02 20:11:41,124 INFO 14100 [egg-schedule]: register schedule D:\react_blog\service\node_modules\_egg-multipart@2.10.3@egg-multipart\app\schedule\clean_tmpdir.js
2020-08-02 20:11:41,124 INFO 14100 [egg-schedule]: register schedule D:\react_blog\service\node_modules\_egg-logrotator@3.1.0@egg-logrotator\app\schedule\clean_log.js
2020-08-02 20:11:41,124 INFO 14100 [egg-schedule]: register schedule D:\react_blog\service\node_modules\_egg-logrotator@3.1.0@egg-logrotator\app\schedule\rotate_by_file.js
2020-08-02 20:24:12,235 INFO 14668 [egg-schedule]: register schedule D:\react_blog\service\node_modules\_egg-multipart@2.10.3@egg-multipart\app\schedule\clean_tmpdir.js
2020-08-02 20:24:12,235 INFO 14668 [egg-schedule]: register schedule D:\react_blog\service\node_modules\_egg-logrotator@3.1.0@egg-logrotator\app\schedule\clean_log.js
2020-08-02 20:24:12,235 INFO 14668 [egg-schedule]: register schedule D:\react_blog\service\node_modules\_egg-logrotator@3.1.0@egg-logrotator\app\schedule\rotate_by_file.js
2020-08-02 20:24:37,061 INFO 15488 [egg-schedule]: register schedule D:\react_blog\service\node_modules\_egg-multipart@2.10.3@egg-multipart\app\schedule\clean_tmpdir.js
2020-08-02 20:24:37,061 INFO 15488 [egg-schedule]: register schedule D:\react_blog\service\node_modules\_egg-logrotator@3.1.0@egg-logrotator\app\schedule\clean_log.js
2020-08-02 20:24:37,061 INFO 15488 [egg-schedule]: register schedule D:\react_blog\service\node_modules\_egg-logrotator@3.1.0@egg-logrotator\app\schedule\rotate_by_file.js
2020-08-02 20:25:54,740 INFO 15084 [egg-schedule]: register schedule D:\react_blog\service\node_modules\_egg-multipart@2.10.3@egg-multipart\app\schedule\clean_tmpdir.js
2020-08-02 20:25:54,740 INFO 15084 [egg-schedule]: register schedule D:\react_blog\service\node_modules\_egg-logrotator@3.1.0@egg-logrotator\app\schedule\clean_log.js
2020-08-02 20:25:54,740 INFO 15084 [egg-schedule]: register schedule D:\react_blog\service\node_modules\_egg-logrotator@3.1.0@egg-logrotator\app\schedule\rotate_by_file.js
2020-08-02 20:27:25,057 INFO 13756 [egg-schedule]: register schedule D:\react_blog\service\node_modules\_egg-multipart@2.10.3@egg-multipart\app\schedule\clean_tmpdir.js
2020-08-02 20:27:25,057 INFO 13756 [egg-schedule]: register schedule D:\react_blog\service\node_modules\_egg-logrotator@3.1.0@egg-logrotator\app\schedule\clean_log.js
2020-08-02 20:27:25,057 INFO 13756 [egg-schedule]: register schedule D:\react_blog\service\node_modules\_egg-logrotator@3.1.0@egg-logrotator\app\schedule\rotate_by_file.js
2020-08-02 20:50:05,793 INFO 1424 [egg-schedule]: register schedule D:\react_blog\service\node_modules\_egg-multipart@2.10.3@egg-multipart\app\schedule\clean_tmpdir.js
2020-08-02 20:50:05,793 INFO 1424 [egg-schedule]: register schedule D:\react_blog\service\node_modules\_egg-logrotator@3.1.0@egg-logrotator\app\schedule\clean_log.js
2020-08-02 20:50:05,793 INFO 1424 [egg-schedule]: register schedule D:\react_blog\service\node_modules\_egg-logrotator@3.1.0@egg-logrotator\app\schedule\rotate_by_file.js
2020-08-02 20:51:06,834 INFO 7808 [egg-schedule]: register schedule D:\react_blog\service\node_modules\_egg-multipart@2.10.3@egg-multipart\app\schedule\clean_tmpdir.js
2020-08-02 20:51:06,834 INFO 7808 [egg-schedule]: register schedule D:\react_blog\service\node_modules\_egg-logrotator@3.1.0@egg-logrotator\app\schedule\clean_log.js
2020-08-02 20:51:06,834 INFO 7808 [egg-schedule]: register schedule D:\react_blog\service\node_modules\_egg-logrotator@3.1.0@egg-logrotator\app\schedule\rotate_by_file.js
2020-08-02 20:53:24,951 INFO 8896 [egg-schedule]: register schedule D:\react_blog\service\node_modules\_egg-multipart@2.10.3@egg-multipart\app\schedule\clean_tmpdir.js
2020-08-02 20:53:24,951 INFO 8896 [egg-schedule]: register schedule D:\react_blog\service\node_modules\_egg-logrotator@3.1.0@egg-logrotator\app\schedule\clean_log.js
2020-08-02 20:53:24,951 INFO 8896 [egg-schedule]: register schedule D:\react_blog\service\node_modules\_egg-logrotator@3.1.0@egg-logrotator\app\schedule\rotate_by_file.js
2020-08-02 20:53:26,148 INFO 15420 [egg-schedule]: register schedule D:\react_blog\service\node_modules\_egg-multipart@2.10.3@egg-multipart\app\schedule\clean_tmpdir.js
2020-08-02 20:53:26,148 INFO 15420 [egg-schedule]: register schedule D:\react_blog\service\node_modules\_egg-logrotator@3.1.0@egg-logrotator\app\schedule\clean_log.js
2020-08-02 20:53:26,148 INFO 15420 [egg-schedule]: register schedule D:\react_blog\service\node_modules\_egg-logrotator@3.1.0@egg-logrotator\app\schedule\rotate_by_file.js
2020-08-02 20:53:55,040 INFO 13196 [egg-schedule]: register schedule D:\react_blog\service\node_modules\_egg-multipart@2.10.3@egg-multipart\app\schedule\clean_tmpdir.js
2020-08-02 20:53:55,040 INFO 13196 [egg-schedule]: register schedule D:\react_blog\service\node_modules\_egg-logrotator@3.1.0@egg-logrotator\app\schedule\clean_log.js
2020-08-02 20:53:55,040 INFO 13196 [egg-schedule]: register schedule D:\react_blog\service\node_modules\_egg-logrotator@3.1.0@egg-logrotator\app\schedule\rotate_by_file.js
2020-08-02 20:54:33,639 INFO 16028 [egg-schedule]: register schedule D:\react_blog\service\node_modules\_egg-multipart@2.10.3@egg-multipart\app\schedule\clean_tmpdir.js
2020-08-02 20:54:33,639 INFO 16028 [egg-schedule]: register schedule D:\react_blog\service\node_modules\_egg-logrotator@3.1.0@egg-logrotator\app\schedule\clean_log.js
2020-08-02 20:54:33,639 INFO 16028 [egg-schedule]: register schedule D:\react_blog\service\node_modules\_egg-logrotator@3.1.0@egg-logrotator\app\schedule\rotate_by_file.js
2020-08-02 20:54:46,698 INFO 15052 [egg-schedule]: register schedule D:\react_blog\service\node_modules\_egg-multipart@2.10.3@egg-multipart\app\schedule\clean_tmpdir.js
2020-08-02 20:54:46,698 INFO 15052 [egg-schedule]: register schedule D:\react_blog\service\node_modules\_egg-logrotator@3.1.0@egg-logrotator\app\schedule\clean_log.js
2020-08-02 20:54:46,698 INFO 15052 [egg-schedule]: register schedule D:\react_blog\service\node_modules\_egg-logrotator@3.1.0@egg-logrotator\app\schedule\rotate_by_file.js
2020-08-02 20:57:06,388 INFO 14764 [egg-schedule]: register schedule D:\react_blog\service\node_modules\_egg-multipart@2.10.3@egg-multipart\app\schedule\clean_tmpdir.js
2020-08-02 20:57:06,388 INFO 14764 [egg-schedule]: register schedule D:\react_blog\service\node_modules\_egg-logrotator@3.1.0@egg-logrotator\app\schedule\clean_log.js
2020-08-02 20:57:06,388 INFO 14764 [egg-schedule]: register schedule D:\react_blog\service\node_modules\_egg-logrotator@3.1.0@egg-logrotator\app\schedule\rotate_by_file.js
2020-08-02 20:59:14,786 INFO 4944 [egg-schedule]: register schedule D:\react_blog\service\node_modules\_egg-multipart@2.10.3@egg-multipart\app\schedule\clean_tmpdir.js
2020-08-02 20:59:14,786 INFO 4944 [egg-schedule]: register schedule D:\react_blog\service\node_modules\_egg-logrotator@3.1.0@egg-logrotator\app\schedule\clean_log.js
2020-08-02 20:59:14,786 INFO 4944 [egg-schedule]: register schedule D:\react_blog\service\node_modules\_egg-logrotator@3.1.0@egg-logrotator\app\schedule\rotate_by_file.js
2020-08-02 21:00:37,189 INFO 12136 [egg-schedule]: register schedule D:\react_blog\service\node_modules\_egg-multipart@2.10.3@egg-multipart\app\schedule\clean_tmpdir.js
2020-08-02 21:00:37,189 INFO 12136 [egg-schedule]: register schedule D:\react_blog\service\node_modules\_egg-logrotator@3.1.0@egg-logrotator\app\schedule\clean_log.js
2020-08-02 21:00:37,189 INFO 12136 [egg-schedule]: register schedule D:\react_blog\service\node_modules\_egg-logrotator@3.1.0@egg-logrotator\app\schedule\rotate_by_file.js
2020-08-02 21:05:04,291 INFO 11704 [egg-schedule]: register schedule D:\react_blog\service\node_modules\_egg-multipart@2.10.3@egg-multipart\app\schedule\clean_tmpdir.js
2020-08-02 21:05:04,291 INFO 11704 [egg-schedule]: register schedule D:\react_blog\service\node_modules\_egg-logrotator@3.1.0@egg-logrotator\app\schedule\clean_log.js
2020-08-02 21:05:04,291 INFO 11704 [egg-schedule]: register schedule D:\react_blog\service\node_modules\_egg-logrotator@3.1.0@egg-logrotator\app\schedule\rotate_by_file.js
2020-08-02 21:05:12,901 INFO 2968 [egg-schedule]: register schedule D:\react_blog\service\node_modules\_egg-multipart@2.10.3@egg-multipart\app\schedule\clean_tmpdir.js
2020-08-02 21:05:12,901 INFO 2968 [egg-schedule]: register schedule D:\react_blog\service\node_modules\_egg-logrotator@3.1.0@egg-logrotator\app\schedule\clean_log.js
2020-08-02 21:05:12,901 INFO 2968 [egg-schedule]: register schedule D:\react_blog\service\node_modules\_egg-logrotator@3.1.0@egg-logrotator\app\schedule\rotate_by_file.js
2020-08-02 21:05:36,701 INFO 2496 [egg-schedule]: register schedule D:\react_blog\service\node_modules\_egg-multipart@2.10.3@egg-multipart\app\schedule\clean_tmpdir.js
2020-08-02 21:05:36,701 INFO 2496 [egg-schedule]: register schedule D:\react_blog\service\node_modules\_egg-logrotator@3.1.0@egg-logrotator\app\schedule\clean_log.js
2020-08-02 21:05:36,701 INFO 2496 [egg-schedule]: register schedule D:\react_blog\service\node_modules\_egg-logrotator@3.1.0@egg-logrotator\app\schedule\rotate_by_file.js
2020-08-02 21:06:29,286 INFO 11632 [egg-schedule]: register schedule D:\react_blog\service\node_modules\_egg-multipart@2.10.3@egg-multipart\app\schedule\clean_tmpdir.js
2020-08-02 21:06:29,286 INFO 11632 [egg-schedule]: register schedule D:\react_blog\service\node_modules\_egg-logrotator@3.1.0@egg-logrotator\app\schedule\clean_log.js
2020-08-02 21:06:29,286 INFO 11632 [egg-schedule]: register schedule D:\react_blog\service\node_modules\_egg-logrotator@3.1.0@egg-logrotator\app\schedule\rotate_by_file.js
2020-08-02 21:14:49,277 INFO 9220 [egg-schedule]: register schedule D:\react_blog\service\node_modules\_egg-multipart@2.10.3@egg-multipart\app\schedule\clean_tmpdir.js
2020-08-02 21:14:49,277 INFO 9220 [egg-schedule]: register schedule D:\react_blog\service\node_modules\_egg-logrotator@3.1.0@egg-logrotator\app\schedule\clean_log.js
2020-08-02 21:14:49,277 INFO 9220 [egg-schedule]: register schedule D:\react_blog\service\node_modules\_egg-logrotator@3.1.0@egg-logrotator\app\schedule\rotate_by_file.js
2020-08-02 21:14:50,441 INFO 7700 [egg-schedule]: register schedule D:\react_blog\service\node_modules\_egg-multipart@2.10.3@egg-multipart\app\schedule\clean_tmpdir.js
2020-08-02 21:14:50,441 INFO 7700 [egg-schedule]: register schedule D:\react_blog\service\node_modules\_egg-logrotator@3.1.0@egg-logrotator\app\schedule\clean_log.js
2020-08-02 21:14:50,441 INFO 7700 [egg-schedule]: register schedule D:\react_blog\service\node_modules\_egg-logrotator@3.1.0@egg-logrotator\app\schedule\rotate_by_file.js
2020-08-02 21:34:04,833 INFO 7072 [egg-schedule]: register schedule D:\react_blog\service\node_modules\_egg-multipart@2.10.3@egg-multipart\app\schedule\clean_tmpdir.js
2020-08-02 21:34:04,833 INFO 7072 [egg-schedule]: register schedule D:\react_blog\service\node_modules\_egg-logrotator@3.1.0@egg-logrotator\app\schedule\clean_log.js
2020-08-02 21:34:04,833 INFO 7072 [egg-schedule]: register schedule D:\react_blog\service\node_modules\_egg-logrotator@3.1.0@egg-logrotator\app\schedule\rotate_by_file.js
2020-08-02 21:35:42,191 INFO 4404 [egg-schedule]: register schedule D:\react_blog\service\node_modules\_egg-multipart@2.10.3@egg-multipart\app\schedule\clean_tmpdir.js
2020-08-02 21:35:42,191 INFO 4404 [egg-schedule]: register schedule D:\react_blog\service\node_modules\_egg-logrotator@3.1.0@egg-logrotator\app\schedule\clean_log.js
2020-08-02 21:35:42,191 INFO 4404 [egg-schedule]: register schedule D:\react_blog\service\node_modules\_egg-logrotator@3.1.0@egg-logrotator\app\schedule\rotate_by_file.js
2020-08-02 21:35:45,920 INFO 11936 [egg-schedule]: register schedule D:\react_blog\service\node_modules\_egg-multipart@2.10.3@egg-multipart\app\schedule\clean_tmpdir.js
2020-08-02 21:35:45,920 INFO 11936 [egg-schedule]: register schedule D:\react_blog\service\node_modules\_egg-logrotator@3.1.0@egg-logrotator\app\schedule\clean_log.js
2020-08-02 21:35:45,920 INFO 11936 [egg-schedule]: register schedule D:\react_blog\service\node_modules\_egg-logrotator@3.1.0@egg-logrotator\app\schedule\rotate_by_file.js
2020-08-02 21:46:38,132 INFO 12712 [egg-schedule]: register schedule D:\react_blog\service\node_modules\_egg-multipart@2.10.3@egg-multipart\app\schedule\clean_tmpdir.js
2020-08-02 21:46:38,132 INFO 12712 [egg-schedule]: register schedule D:\react_blog\service\node_modules\_egg-logrotator@3.1.0@egg-logrotator\app\schedule\clean_log.js
2020-08-02 21:46:38,132 INFO 12712 [egg-schedule]: register schedule D:\react_blog\service\node_modules\_egg-logrotator@3.1.0@egg-logrotator\app\schedule\rotate_by_file.js
2020-08-02 21:47:12,786 INFO 452 [egg-schedule]: register schedule D:\react_blog\service\node_modules\_egg-multipart@2.10.3@egg-multipart\app\schedule\clean_tmpdir.js
2020-08-02 21:47:12,786 INFO 452 [egg-schedule]: register schedule D:\react_blog\service\node_modules\_egg-logrotator@3.1.0@egg-logrotator\app\schedule\clean_log.js
2020-08-02 21:47:12,786 INFO 452 [egg-schedule]: register schedule D:\react_blog\service\node_modules\_egg-logrotator@3.1.0@egg-logrotator\app\schedule\rotate_by_file.js
2020-08-02 22:03:34,653 INFO 13428 [egg-schedule]: register schedule D:\react_blog\service\node_modules\_egg-multipart@2.10.3@egg-multipart\app\schedule\clean_tmpdir.js
2020-08-02 22:03:34,653 INFO 13428 [egg-schedule]: register schedule D:\react_blog\service\node_modules\_egg-logrotator@3.1.0@egg-logrotator\app\schedule\clean_log.js
2020-08-02 22:03:34,653 INFO 13428 [egg-schedule]: register schedule D:\react_blog\service\node_modules\_egg-logrotator@3.1.0@egg-logrotator\app\schedule\rotate_by_file.js
2020-08-02 22:03:35,860 INFO 10300 [egg-schedule]: register schedule D:\react_blog\service\node_modules\_egg-multipart@2.10.3@egg-multipart\app\schedule\clean_tmpdir.js
2020-08-02 22:03:35,860 INFO 10300 [egg-schedule]: register schedule D:\react_blog\service\node_modules\_egg-logrotator@3.1.0@egg-logrotator\app\schedule\clean_log.js
2020-08-02 22:03:35,860 INFO 10300 [egg-schedule]: register schedule D:\react_blog\service\node_modules\_egg-logrotator@3.1.0@egg-logrotator\app\schedule\rotate_by_file.js
2020-08-02 22:07:48,544 INFO 7068 [egg-schedule]: register schedule D:\react_blog\service\node_modules\_egg-multipart@2.10.3@egg-multipart\app\schedule\clean_tmpdir.js
2020-08-02 22:07:48,544 INFO 7068 [egg-schedule]: register schedule D:\react_blog\service\node_modules\_egg-logrotator@3.1.0@egg-logrotator\app\schedule\clean_log.js
2020-08-02 22:07:48,544 INFO 7068 [egg-schedule]: register schedule D:\react_blog\service\node_modules\_egg-logrotator@3.1.0@egg-logrotator\app\schedule\rotate_by_file.js
2020-08-02 22:13:05,633 INFO 11056 [egg-schedule]: register schedule D:\react_blog\service\node_modules\_egg-multipart@2.10.3@egg-multipart\app\schedule\clean_tmpdir.js
2020-08-02 22:13:05,633 INFO 11056 [egg-schedule]: register schedule D:\react_blog\service\node_modules\_egg-logrotator@3.1.0@egg-logrotator\app\schedule\clean_log.js
2020-08-02 22:13:05,633 INFO 11056 [egg-schedule]: register schedule D:\react_blog\service\node_modules\_egg-logrotator@3.1.0@egg-logrotator\app\schedule\rotate_by_file.js
2020-08-02 22:14:28,750 INFO 9032 [egg-schedule]: register schedule D:\react_blog\service\node_modules\_egg-multipart@2.10.3@egg-multipart\app\schedule\clean_tmpdir.js
2020-08-02 22:14:28,750 INFO 9032 [egg-schedule]: register schedule D:\react_blog\service\node_modules\_egg-logrotator@3.1.0@egg-logrotator\app\schedule\clean_log.js
2020-08-02 22:14:28,750 INFO 9032 [egg-schedule]: register schedule D:\react_blog\service\node_modules\_egg-logrotator@3.1.0@egg-logrotator\app\schedule\rotate_by_file.js
2020-08-02 22:14:41,828 INFO 13752 [egg-schedule]: register schedule D:\react_blog\service\node_modules\_egg-multipart@2.10.3@egg-multipart\app\schedule\clean_tmpdir.js
2020-08-02 22:14:41,828 INFO 13752 [egg-schedule]: register schedule D:\react_blog\service\node_modules\_egg-logrotator@3.1.0@egg-logrotator\app\schedule\clean_log.js
2020-08-02 22:14:41,828 INFO 13752 [egg-schedule]: register schedule D:\react_blog\service\node_modules\_egg-logrotator@3.1.0@egg-logrotator\app\schedule\rotate_by_file.js
2020-08-02 22:17:37,362 INFO 13364 [egg-schedule]: register schedule D:\react_blog\service\node_modules\_egg-multipart@2.10.3@egg-multipart\app\schedule\clean_tmpdir.js
2020-08-02 22:17:37,362 INFO 13364 [egg-schedule]: register schedule D:\react_blog\service\node_modules\_egg-logrotator@3.1.0@egg-logrotator\app\schedule\clean_log.js
2020-08-02 22:17:37,362 INFO 13364 [egg-schedule]: register schedule D:\react_blog\service\node_modules\_egg-logrotator@3.1.0@egg-logrotator\app\schedule\rotate_by_file.js
2020-08-02 22:17:38,544 INFO 9944 [egg-schedule]: register schedule D:\react_blog\service\node_modules\_egg-multipart@2.10.3@egg-multipart\app\schedule\clean_tmpdir.js
2020-08-02 22:17:38,544 INFO 9944 [egg-schedule]: register schedule D:\react_blog\service\node_modules\_egg-logrotator@3.1.0@egg-logrotator\app\schedule\clean_log.js
2020-08-02 22:17:38,544 INFO 9944 [egg-schedule]: register schedule D:\react_blog\service\node_modules\_egg-logrotator@3.1.0@egg-logrotator\app\schedule\rotate_by_file.js
2020-08-02 22:17:45,857 INFO 8304 [egg-schedule]: register schedule D:\react_blog\service\node_modules\_egg-multipart@2.10.3@egg-multipart\app\schedule\clean_tmpdir.js
2020-08-02 22:17:45,857 INFO 8304 [egg-schedule]: register schedule D:\react_blog\service\node_modules\_egg-logrotator@3.1.0@egg-logrotator\app\schedule\clean_log.js
2020-08-02 22:17:45,857 INFO 8304 [egg-schedule]: register schedule D:\react_blog\service\node_modules\_egg-logrotator@3.1.0@egg-logrotator\app\schedule\rotate_by_file.js
2020-08-03 10:47:06,883 INFO 8868 [egg-schedule]: register schedule D:\react_blog\service\node_modules\_egg-multipart@2.10.3@egg-multipart\app\schedule\clean_tmpdir.js
2020-08-03 10:47:06,883 INFO 8868 [egg-schedule]: register schedule D:\react_blog\service\node_modules\_egg-logrotator@3.1.0@egg-logrotator\app\schedule\clean_log.js
2020-08-03 10:47:06,883 INFO 8868 [egg-schedule]: register schedule D:\react_blog\service\node_modules\_egg-logrotator@3.1.0@egg-logrotator\app\schedule\rotate_by_file.js
2020-08-03 10:47:07,041 INFO 9496 [Timer] D:\react_blog\service\node_modules\_egg-multipart@2.10.3@egg-multipart\app\schedule\clean_tmpdir.js next time will execute after 63772961ms at 2020-08-04 04:30:00.002
2020-08-03 10:47:07,041 INFO 9496 [Timer] D:\react_blog\service\node_modules\_egg-logrotator@3.1.0@egg-logrotator\app\schedule\clean_log.js next time will execute after 47572959ms at 2020-08-04 00:00:00.000
2020-08-03 10:47:07,042 INFO 9496 [Timer] D:\react_blog\service\node_modules\_egg-logrotator@3.1.0@egg-logrotator\app\schedule\rotate_by_file.js next time will execute after 47573959ms at 2020-08-04 00:00:01.001
2020-08-03 10:47:58,108 INFO 5512 [egg-schedule]: register schedule D:\react_blog\service\node_modules\_egg-multipart@2.10.3@egg-multipart\app\schedule\clean_tmpdir.js
2020-08-03 10:47:58,108 INFO 5512 [egg-schedule]: register schedule D:\react_blog\service\node_modules\_egg-logrotator@3.1.0@egg-logrotator\app\schedule\clean_log.js
2020-08-03 10:47:58,108 INFO 5512 [egg-schedule]: register schedule D:\react_blog\service\node_modules\_egg-logrotator@3.1.0@egg-logrotator\app\schedule\rotate_by_file.js
2020-08-03 11:52:44,437 INFO 6680 [egg-schedule]: register schedule D:\react_blog\service\node_modules\_egg-multipart@2.10.3@egg-multipart\app\schedule\clean_tmpdir.js
2020-08-03 11:52:44,437 INFO 6680 [egg-schedule]: register schedule D:\react_blog\service\node_modules\_egg-logrotator@3.1.0@egg-logrotator\app\schedule\clean_log.js
2020-08-03 11:52:44,437 INFO 6680 [egg-schedule]: register schedule D:\react_blog\service\node_modules\_egg-logrotator@3.1.0@egg-logrotator\app\schedule\rotate_by_file.js
2020-08-03 11:52:45,607 INFO 8332 [egg-schedule]: register schedule D:\react_blog\service\node_modules\_egg-multipart@2.10.3@egg-multipart\app\schedule\clean_tmpdir.js
2020-08-03 11:52:45,607 INFO 8332 [egg-schedule]: register schedule D:\react_blog\service\node_modules\_egg-logrotator@3.1.0@egg-logrotator\app\schedule\clean_log.js
2020-08-03 11:52:45,607 INFO 8332 [egg-schedule]: register schedule D:\react_blog\service\node_modules\_egg-logrotator@3.1.0@egg-logrotator\app\schedule\rotate_by_file.js
2020-08-03 12:59:52,734 INFO 996 [egg-schedule]: register schedule D:\react_blog\service\node_modules\_egg-multipart@2.10.3@egg-multipart\app\schedule\clean_tmpdir.js
2020-08-03 12:59:52,734 INFO 996 [egg-schedule]: register schedule D:\react_blog\service\node_modules\_egg-logrotator@3.1.0@egg-logrotator\app\schedule\clean_log.js
2020-08-03 12:59:52,734 INFO 996 [egg-schedule]: register schedule D:\react_blog\service\node_modules\_egg-logrotator@3.1.0@egg-logrotator\app\schedule\rotate_by_file.js
2020-08-03 13:24:46,901 INFO 15032 [egg-schedule]: register schedule D:\react_blog\service\node_modules\_egg-multipart@2.10.3@egg-multipart\app\schedule\clean_tmpdir.js
2020-08-03 13:24:46,901 INFO 15032 [egg-schedule]: register schedule D:\react_blog\service\node_modules\_egg-logrotator@3.1.0@egg-logrotator\app\schedule\clean_log.js
2020-08-03 13:24:46,901 INFO 15032 [egg-schedule]: register schedule D:\react_blog\service\node_modules\_egg-logrotator@3.1.0@egg-logrotator\app\schedule\rotate_by_file.js
2020-08-03 13:24:51,009 INFO 8156 [egg-schedule]: register schedule D:\react_blog\service\node_modules\_egg-multipart@2.10.3@egg-multipart\app\schedule\clean_tmpdir.js
2020-08-03 13:24:51,009 INFO 8156 [egg-schedule]: register schedule D:\react_blog\service\node_modules\_egg-logrotator@3.1.0@egg-logrotator\app\schedule\clean_log.js
2020-08-03 13:24:51,009 INFO 8156 [egg-schedule]: register schedule D:\react_blog\service\node_modules\_egg-logrotator@3.1.0@egg-logrotator\app\schedule\rotate_by_file.js
2020-08-03 13:25:10,426 INFO 2300 [egg-schedule]: register schedule D:\react_blog\service\node_modules\_egg-multipart@2.10.3@egg-multipart\app\schedule\clean_tmpdir.js
2020-08-03 13:25:10,426 INFO 2300 [egg-schedule]: register schedule D:\react_blog\service\node_modules\_egg-logrotator@3.1.0@egg-logrotator\app\schedule\clean_log.js
2020-08-03 13:25:10,426 INFO 2300 [egg-schedule]: register schedule D:\react_blog\service\node_modules\_egg-logrotator@3.1.0@egg-logrotator\app\schedule\rotate_by_file.js
2020-08-03 13:48:05,112 INFO 14128 [egg-schedule]: register schedule D:\react_blog\service\node_modules\_egg-multipart@2.10.3@egg-multipart\app\schedule\clean_tmpdir.js
2020-08-03 13:48:05,112 INFO 14128 [egg-schedule]: register schedule D:\react_blog\service\node_modules\_egg-logrotator@3.1.0@egg-logrotator\app\schedule\clean_log.js
2020-08-03 13:48:05,112 INFO 14128 [egg-schedule]: register schedule D:\react_blog\service\node_modules\_egg-logrotator@3.1.0@egg-logrotator\app\schedule\rotate_by_file.js
2020-08-03 13:49:10,381 INFO 5388 [egg-schedule]: register schedule D:\react_blog\service\node_modules\_egg-multipart@2.10.3@egg-multipart\app\schedule\clean_tmpdir.js
2020-08-03 13:49:10,381 INFO 5388 [egg-schedule]: register schedule D:\react_blog\service\node_modules\_egg-logrotator@3.1.0@egg-logrotator\app\schedule\clean_log.js
2020-08-03 13:49:10,381 INFO 5388 [egg-schedule]: register schedule D:\react_blog\service\node_modules\_egg-logrotator@3.1.0@egg-logrotator\app\schedule\rotate_by_file.js
2020-08-03 14:28:23,988 INFO 7420 [egg-schedule]: register schedule D:\react_blog\service\node_modules\_egg-multipart@2.10.3@egg-multipart\app\schedule\clean_tmpdir.js
2020-08-03 14:28:23,988 INFO 7420 [egg-schedule]: register schedule D:\react_blog\service\node_modules\_egg-logrotator@3.1.0@egg-logrotator\app\schedule\clean_log.js
2020-08-03 14:28:23,988 INFO 7420 [egg-schedule]: register schedule D:\react_blog\service\node_modules\_egg-logrotator@3.1.0@egg-logrotator\app\schedule\rotate_by_file.js
2020-08-03 14:28:36,562 INFO 10740 [egg-schedule]: register schedule D:\react_blog\service\node_modules\_egg-multipart@2.10.3@egg-multipart\app\schedule\clean_tmpdir.js
2020-08-03 14:28:36,562 INFO 10740 [egg-schedule]: register schedule D:\react_blog\service\node_modules\_egg-logrotator@3.1.0@egg-logrotator\app\schedule\clean_log.js
2020-08-03 14:28:36,562 INFO 10740 [egg-schedule]: register schedule D:\react_blog\service\node_modules\_egg-logrotator@3.1.0@egg-logrotator\app\schedule\rotate_by_file.js
2020-08-03 14:28:39,742 INFO 10220 [egg-schedule]: register schedule D:\react_blog\service\node_modules\_egg-multipart@2.10.3@egg-multipart\app\schedule\clean_tmpdir.js
2020-08-03 14:28:39,742 INFO 10220 [egg-schedule]: register schedule D:\react_blog\service\node_modules\_egg-logrotator@3.1.0@egg-logrotator\app\schedule\clean_log.js
2020-08-03 14:28:39,742 INFO 10220 [egg-schedule]: register schedule D:\react_blog\service\node_modules\_egg-logrotator@3.1.0@egg-logrotator\app\schedule\rotate_by_file.js
2020-08-03 14:29:04,673 INFO 16164 [egg-schedule]: register schedule D:\react_blog\service\node_modules\_egg-multipart@2.10.3@egg-multipart\app\schedule\clean_tmpdir.js
2020-08-03 14:29:04,673 INFO 16164 [egg-schedule]: register schedule D:\react_blog\service\node_modules\_egg-logrotator@3.1.0@egg-logrotator\app\schedule\clean_log.js
2020-08-03 14:29:04,673 INFO 16164 [egg-schedule]: register schedule D:\react_blog\service\node_modules\_egg-logrotator@3.1.0@egg-logrotator\app\schedule\rotate_by_file.js
2020-08-03 15:00:49,990 INFO 12772 [egg-schedule]: register schedule D:\react_blog\service\node_modules\_egg-multipart@2.10.3@egg-multipart\app\schedule\clean_tmpdir.js
2020-08-03 15:00:49,990 INFO 12772 [egg-schedule]: register schedule D:\react_blog\service\node_modules\_egg-logrotator@3.1.0@egg-logrotator\app\schedule\clean_log.js
2020-08-03 15:00:49,990 INFO 12772 [egg-schedule]: register schedule D:\react_blog\service\node_modules\_egg-logrotator@3.1.0@egg-logrotator\app\schedule\rotate_by_file.js
2020-08-03 15:22:44,493 INFO 1552 [egg-schedule]: register schedule D:\react_blog\service\node_modules\_egg-multipart@2.10.3@egg-multipart\app\schedule\clean_tmpdir.js
2020-08-03 15:22:44,493 INFO 1552 [egg-schedule]: register schedule D:\react_blog\service\node_modules\_egg-logrotator@3.1.0@egg-logrotator\app\schedule\clean_log.js
2020-08-03 15:22:44,493 INFO 1552 [egg-schedule]: register schedule D:\react_blog\service\node_modules\_egg-logrotator@3.1.0@egg-logrotator\app\schedule\rotate_by_file.js
2020-08-03 15:30:24,420 INFO 2344 [egg-schedule]: register schedule D:\react_blog\service\node_modules\_egg-multipart@2.10.3@egg-multipart\app\schedule\clean_tmpdir.js
2020-08-03 15:30:24,420 INFO 2344 [egg-schedule]: register schedule D:\react_blog\service\node_modules\_egg-logrotator@3.1.0@egg-logrotator\app\schedule\clean_log.js
2020-08-03 15:30:24,420 INFO 2344 [egg-schedule]: register schedule D:\react_blog\service\node_modules\_egg-logrotator@3.1.0@egg-logrotator\app\schedule\rotate_by_file.js
2020-08-03 15:30:25,526 INFO 3256 [egg-schedule]: register schedule D:\react_blog\service\node_modules\_egg-multipart@2.10.3@egg-multipart\app\schedule\clean_tmpdir.js
2020-08-03 15:30:25,526 INFO 3256 [egg-schedule]: register schedule D:\react_blog\service\node_modules\_egg-logrotator@3.1.0@egg-logrotator\app\schedule\clean_log.js
2020-08-03 15:30:25,526 INFO 3256 [egg-schedule]: register schedule D:\react_blog\service\node_modules\_egg-logrotator@3.1.0@egg-logrotator\app\schedule\rotate_by_file.js
2020-08-03 16:09:52,509 INFO 11160 [egg-schedule]: register schedule D:\react_blog\service\node_modules\_egg-multipart@2.10.3@egg-multipart\app\schedule\clean_tmpdir.js
2020-08-03 16:09:52,509 INFO 11160 [egg-schedule]: register schedule D:\react_blog\service\node_modules\_egg-logrotator@3.1.0@egg-logrotator\app\schedule\clean_log.js
2020-08-03 16:09:52,509 INFO 11160 [egg-schedule]: register schedule D:\react_blog\service\node_modules\_egg-logrotator@3.1.0@egg-logrotator\app\schedule\rotate_by_file.js
2020-08-03 16:11:38,665 INFO 684 [egg-schedule]: register schedule D:\react_blog\service\node_modules\_egg-multipart@2.10.3@egg-multipart\app\schedule\clean_tmpdir.js
2020-08-03 16:11:38,665 INFO 684 [egg-schedule]: register schedule D:\react_blog\service\node_modules\_egg-logrotator@3.1.0@egg-logrotator\app\schedule\clean_log.js
2020-08-03 16:11:38,665 INFO 684 [egg-schedule]: register schedule D:\react_blog\service\node_modules\_egg-logrotator@3.1.0@egg-logrotator\app\schedule\rotate_by_file.js
2020-08-03 16:53:51,409 INFO 13552 [egg-schedule]: register schedule D:\react_blog\service\node_modules\_egg-multipart@2.10.3@egg-multipart\app\schedule\clean_tmpdir.js
2020-08-03 16:53:51,409 INFO 13552 [egg-schedule]: register schedule D:\react_blog\service\node_modules\_egg-logrotator@3.1.0@egg-logrotator\app\schedule\clean_log.js
2020-08-03 16:53:51,409 INFO 13552 [egg-schedule]: register schedule D:\react_blog\service\node_modules\_egg-logrotator@3.1.0@egg-logrotator\app\schedule\rotate_by_file.js
2020-08-03 16:53:52,581 INFO 13584 [egg-schedule]: register schedule D:\react_blog\service\node_modules\_egg-multipart@2.10.3@egg-multipart\app\schedule\clean_tmpdir.js
2020-08-03 16:53:52,581 INFO 13584 [egg-schedule]: register schedule D:\react_blog\service\node_modules\_egg-logrotator@3.1.0@egg-logrotator\app\schedule\clean_log.js
2020-08-03 16:53:52,581 INFO 13584 [egg-schedule]: register schedule D:\react_blog\service\node_modules\_egg-logrotator@3.1.0@egg-logrotator\app\schedule\rotate_by_file.js
2020-08-03 16:54:25,604 INFO 14536 [egg-schedule]: register schedule D:\react_blog\service\node_modules\_egg-multipart@2.10.3@egg-multipart\app\schedule\clean_tmpdir.js
2020-08-03 16:54:25,604 INFO 14536 [egg-schedule]: register schedule D:\react_blog\service\node_modules\_egg-logrotator@3.1.0@egg-logrotator\app\schedule\clean_log.js
2020-08-03 16:54:25,604 INFO 14536 [egg-schedule]: register schedule D:\react_blog\service\node_modules\_egg-logrotator@3.1.0@egg-logrotator\app\schedule\rotate_by_file.js
2020-08-03 16:54:39,191 INFO 4304 [Timer] D:\react_blog\service\node_modules\_egg-multipart@2.10.3@egg-multipart\app\schedule\clean_tmpdir.js next time will execute after 41720811ms at 2020-08-04 04:30:00.002
2020-08-03 16:54:39,191 INFO 4304 [Timer] D:\react_blog\service\node_modules\_egg-logrotator@3.1.0@egg-logrotator\app\schedule\clean_log.js next time will execute after 25520809ms at 2020-08-04 00:00:00.000
2020-08-03 16:54:39,192 INFO 4304 [Timer] D:\react_blog\service\node_modules\_egg-logrotator@3.1.0@egg-logrotator\app\schedule\rotate_by_file.js next time will execute after 25521809ms at 2020-08-04 00:00:01.001
2020-08-03 16:54:39,055 INFO 4176 [egg-schedule]: register schedule D:\react_blog\service\node_modules\_egg-multipart@2.10.3@egg-multipart\app\schedule\clean_tmpdir.js
2020-08-03 16:54:39,055 INFO 4176 [egg-schedule]: register schedule D:\react_blog\service\node_modules\_egg-logrotator@3.1.0@egg-logrotator\app\schedule\clean_log.js
2020-08-03 16:54:39,056 INFO 4176 [egg-schedule]: register schedule D:\react_blog\service\node_modules\_egg-logrotator@3.1.0@egg-logrotator\app\schedule\rotate_by_file.js
2020-08-03 16:58:25,103 INFO 16252 [egg-schedule]: register schedule D:\react_blog\service\node_modules\_egg-multipart@2.10.3@egg-multipart\app\schedule\clean_tmpdir.js
2020-08-03 16:58:25,103 INFO 16252 [egg-schedule]: register schedule D:\react_blog\service\node_modules\_egg-logrotator@3.1.0@egg-logrotator\app\schedule\clean_log.js
2020-08-03 16:58:25,103 INFO 16252 [egg-schedule]: register schedule D:\react_blog\service\node_modules\_egg-logrotator@3.1.0@egg-logrotator\app\schedule\rotate_by_file.js
2020-08-03 16:58:25,237 INFO 5220 [Timer] D:\react_blog\service\node_modules\_egg-multipart@2.10.3@egg-multipart\app\schedule\clean_tmpdir.js next time will execute after 41494765ms at 2020-08-04 04:30:00.002
2020-08-03 16:58:25,238 INFO 5220 [Timer] D:\react_blog\service\node_modules\_egg-logrotator@3.1.0@egg-logrotator\app\schedule\clean_log.js next time will execute after 25294763ms at 2020-08-04 00:00:00.000
2020-08-03 16:58:25,238 INFO 5220 [Timer] D:\react_blog\service\node_modules\_egg-logrotator@3.1.0@egg-logrotator\app\schedule\rotate_by_file.js next time will execute after 25295762ms at 2020-08-04 00:00:01.000
2020-08-03 17:00:04,334 INFO 16244 [egg-schedule]: register schedule D:\react_blog\service\node_modules\_egg-multipart@2.10.3@egg-multipart\app\schedule\clean_tmpdir.js
2020-08-03 17:00:04,334 INFO 16244 [egg-schedule]: register schedule D:\react_blog\service\node_modules\_egg-logrotator@3.1.0@egg-logrotator\app\schedule\clean_log.js
2020-08-03 17:00:04,334 INFO 16244 [egg-schedule]: register schedule D:\react_blog\service\node_modules\_egg-logrotator@3.1.0@egg-logrotator\app\schedule\rotate_by_file.js
2020-08-03 17:19:09,246 INFO 2504 [egg-schedule]: register schedule D:\react_blog\service\node_modules\_egg-multipart@2.10.3@egg-multipart\app\schedule\clean_tmpdir.js
2020-08-03 17:19:09,246 INFO 2504 [egg-schedule]: register schedule D:\react_blog\service\node_modules\_egg-logrotator@3.1.0@egg-logrotator\app\schedule\clean_log.js
2020-08-03 17:19:09,246 INFO 2504 [egg-schedule]: register schedule D:\react_blog\service\node_modules\_egg-logrotator@3.1.0@egg-logrotator\app\schedule\rotate_by_file.js
2020-08-03 17:19:10,414 INFO 8356 [egg-schedule]: register schedule D:\react_blog\service\node_modules\_egg-multipart@2.10.3@egg-multipart\app\schedule\clean_tmpdir.js
2020-08-03 17:19:10,414 INFO 8356 [egg-schedule]: register schedule D:\react_blog\service\node_modules\_egg-logrotator@3.1.0@egg-logrotator\app\schedule\clean_log.js
2020-08-03 17:19:10,414 INFO 8356 [egg-schedule]: register schedule D:\react_blog\service\node_modules\_egg-logrotator@3.1.0@egg-logrotator\app\schedule\rotate_by_file.js
2020-08-03 17:19:32,872 INFO 4912 [egg-schedule]: register schedule D:\react_blog\service\node_modules\_egg-multipart@2.10.3@egg-multipart\app\schedule\clean_tmpdir.js
2020-08-03 17:19:32,872 INFO 4912 [egg-schedule]: register schedule D:\react_blog\service\node_modules\_egg-logrotator@3.1.0@egg-logrotator\app\schedule\clean_log.js
2020-08-03 17:19:32,872 INFO 4912 [egg-schedule]: register schedule D:\react_blog\service\node_modules\_egg-logrotator@3.1.0@egg-logrotator\app\schedule\rotate_by_file.js
2020-08-03 17:25:28,750 INFO 12008 [egg-schedule]: register schedule D:\react_blog\service\node_modules\_egg-multipart@2.10.3@egg-multipart\app\schedule\clean_tmpdir.js
2020-08-03 17:25:28,750 INFO 12008 [egg-schedule]: register schedule D:\react_blog\service\node_modules\_egg-logrotator@3.1.0@egg-logrotator\app\schedule\clean_log.js
2020-08-03 17:25:28,750 INFO 12008 [egg-schedule]: register schedule D:\react_blog\service\node_modules\_egg-logrotator@3.1.0@egg-logrotator\app\schedule\rotate_by_file.js
2020-08-03 17:25:53,972 INFO 7100 [egg-schedule]: register schedule D:\react_blog\service\node_modules\_egg-multipart@2.10.3@egg-multipart\app\schedule\clean_tmpdir.js
2020-08-03 17:25:53,972 INFO 7100 [egg-schedule]: register schedule D:\react_blog\service\node_modules\_egg-logrotator@3.1.0@egg-logrotator\app\schedule\clean_log.js
2020-08-03 17:25:53,972 INFO 7100 [egg-schedule]: register schedule D:\react_blog\service\node_modules\_egg-logrotator@3.1.0@egg-logrotator\app\schedule\rotate_by_file.js
2020-08-03 18:53:00,643 INFO 5872 [egg-schedule]: register schedule D:\react_blog\service\node_modules\_egg-multipart@2.10.3@egg-multipart\app\schedule\clean_tmpdir.js
2020-08-03 18:53:00,643 INFO 5872 [egg-schedule]: register schedule D:\react_blog\service\node_modules\_egg-logrotator@3.1.0@egg-logrotator\app\schedule\clean_log.js
2020-08-03 18:53:00,643 INFO 5872 [egg-schedule]: register schedule D:\react_blog\service\node_modules\_egg-logrotator@3.1.0@egg-logrotator\app\schedule\rotate_by_file.js
2020-08-03 18:54:41,047 INFO 4456 [egg-schedule]: register schedule D:\react_blog\service\node_modules\_egg-multipart@2.10.3@egg-multipart\app\schedule\clean_tmpdir.js
2020-08-03 18:54:41,047 INFO 4456 [egg-schedule]: register schedule D:\react_blog\service\node_modules\_egg-logrotator@3.1.0@egg-logrotator\app\schedule\clean_log.js
2020-08-03 18:54:41,047 INFO 4456 [egg-schedule]: register schedule D:\react_blog\service\node_modules\_egg-logrotator@3.1.0@egg-logrotator\app\schedule\rotate_by_file.js
2020-08-03 18:56:20,249 INFO 14928 [egg-schedule]: register schedule D:\react_blog\service\node_modules\_egg-multipart@2.10.3@egg-multipart\app\schedule\clean_tmpdir.js
2020-08-03 18:56:20,249 INFO 14928 [egg-schedule]: register schedule D:\react_blog\service\node_modules\_egg-logrotator@3.1.0@egg-logrotator\app\schedule\clean_log.js
2020-08-03 18:56:20,249 INFO 14928 [egg-schedule]: register schedule D:\react_blog\service\node_modules\_egg-logrotator@3.1.0@egg-logrotator\app\schedule\rotate_by_file.js
2020-08-03 18:57:12,440 INFO 4620 [egg-schedule]: register schedule D:\react_blog\service\node_modules\egg-multipart\app\schedule\clean_tmpdir.js
2020-08-03 18:57:12,440 INFO 4620 [egg-schedule]: register schedule D:\react_blog\service\node_modules\egg-logrotator\app\schedule\clean_log.js
2020-08-03 18:57:12,440 INFO 4620 [egg-schedule]: register schedule D:\react_blog\service\node_modules\egg-logrotator\app\schedule\rotate_by_file.js
2020-08-03 19:08:00,365 INFO 12408 [egg-schedule]: register schedule D:\react_blog\service\node_modules\_egg-multipart@2.10.3@egg-multipart\app\schedule\clean_tmpdir.js
2020-08-03 19:08:00,365 INFO 12408 [egg-schedule]: register schedule D:\react_blog\service\node_modules\_egg-logrotator@3.1.0@egg-logrotator\app\schedule\clean_log.js
2020-08-03 19:08:00,365 INFO 12408 [egg-schedule]: register schedule D:\react_blog\service\node_modules\_egg-logrotator@3.1.0@egg-logrotator\app\schedule\rotate_by_file.js
2020-08-03 19:09:19,006 INFO 15708 [egg-schedule]: register schedule D:\react_blog\service\node_modules\egg-multipart\app\schedule\clean_tmpdir.js
2020-08-03 19:09:19,006 INFO 15708 [egg-schedule]: register schedule D:\react_blog\service\node_modules\egg-logrotator\app\schedule\clean_log.js
2020-08-03 19:09:19,006 INFO 15708 [egg-schedule]: register schedule D:\react_blog\service\node_modules\egg-logrotator\app\schedule\rotate_by_file.js
2020-08-03 19:11:52,470 INFO 5224 [egg-schedule]: register schedule D:\react_blog\service\node_modules\egg-multipart\app\schedule\clean_tmpdir.js
2020-08-03 19:11:52,470 INFO 5224 [egg-schedule]: register schedule D:\react_blog\service\node_modules\egg-logrotator\app\schedule\clean_log.js
2020-08-03 19:11:52,470 INFO 5224 [egg-schedule]: register schedule D:\react_blog\service\node_modules\egg-logrotator\app\schedule\rotate_by_file.js
2020-08-03 19:12:54,274 INFO 5936 [egg-schedule]: register schedule D:\react_blog\service\node_modules\_egg-multipart@2.10.3@egg-multipart\app\schedule\clean_tmpdir.js
2020-08-03 19:12:54,274 INFO 5936 [egg-schedule]: register schedule D:\react_blog\service\node_modules\_egg-logrotator@3.1.0@egg-logrotator\app\schedule\clean_log.js
2020-08-03 19:12:54,274 INFO 5936 [egg-schedule]: register schedule D:\react_blog\service\node_modules\_egg-logrotator@3.1.0@egg-logrotator\app\schedule\rotate_by_file.js
2020-08-03 19:14:52,973 INFO 3000 [Timer] D:\react_blog\service\node_modules\egg-multipart\app\schedule\clean_tmpdir.js next time will execute after 33307029ms at 2020-08-04 04:30:00.002
2020-08-03 19:14:52,973 INFO 3000 [Timer] D:\react_blog\service\node_modules\egg-logrotator\app\schedule\clean_log.js next time will execute after 17107027ms at 2020-08-04 00:00:00.000
2020-08-03 19:14:52,973 INFO 3000 [Timer] D:\react_blog\service\node_modules\egg-logrotator\app\schedule\rotate_by_file.js next time will execute after 17108027ms at 2020-08-04 00:00:01.000
2020-08-03 19:14:52,831 INFO 1524 [egg-schedule]: register schedule D:\react_blog\service\node_modules\egg-multipart\app\schedule\clean_tmpdir.js
2020-08-03 19:14:52,831 INFO 1524 [egg-schedule]: register schedule D:\react_blog\service\node_modules\egg-logrotator\app\schedule\clean_log.js
2020-08-03 19:14:52,831 INFO 1524 [egg-schedule]: register schedule D:\react_blog\service\node_modules\egg-logrotator\app\schedule\rotate_by_file.js
2020-08-03 19:21:34,042 INFO 5992 [Timer] D:\react_blog\service\node_modules\egg-multipart\app\schedule\clean_tmpdir.js next time will execute after 32905960ms at 2020-08-04 04:30:00.002
2020-08-03 19:21:34,042 INFO 5992 [Timer] D:\react_blog\service\node_modules\egg-logrotator\app\schedule\clean_log.js next time will execute after 16705958ms at 2020-08-04 00:00:00.000
2020-08-03 19:21:34,042 INFO 5992 [Timer] D:\react_blog\service\node_modules\egg-logrotator\app\schedule\rotate_by_file.js next time will execute after 16706958ms at 2020-08-04 00:00:01.000
2020-08-03 19:21:33,907 INFO 7108 [egg-schedule]: register schedule D:\react_blog\service\node_modules\egg-multipart\app\schedule\clean_tmpdir.js
2020-08-03 19:21:33,907 INFO 7108 [egg-schedule]: register schedule D:\react_blog\service\node_modules\egg-logrotator\app\schedule\clean_log.js
2020-08-03 19:21:33,907 INFO 7108 [egg-schedule]: register schedule D:\react_blog\service\node_modules\egg-logrotator\app\schedule\rotate_by_file.js
2020-08-03 19:54:51,160 INFO 8228 [Timer] D:\react_blog\service\node_modules\egg-multipart\app\schedule\clean_tmpdir.js next time will execute after 30908841ms at 2020-08-04 04:30:00.001
2020-08-03 19:54:51,161 INFO 8228 [Timer] D:\react_blog\service\node_modules\egg-logrotator\app\schedule\clean_log.js next time will execute after 14708840ms at 2020-08-04 00:00:00.001
2020-08-03 19:54:51,161 INFO 8228 [Timer] D:\react_blog\service\node_modules\egg-logrotator\app\schedule\rotate_by_file.js next time will execute after 14709839ms at 2020-08-04 00:00:01.000
2020-08-03 19:54:51,031 INFO 8444 [egg-schedule]: register schedule D:\react_blog\service\node_modules\egg-multipart\app\schedule\clean_tmpdir.js
2020-08-03 19:54:51,031 INFO 8444 [egg-schedule]: register schedule D:\react_blog\service\node_modules\egg-logrotator\app\schedule\clean_log.js
2020-08-03 19:54:51,031 INFO 8444 [egg-schedule]: register schedule D:\react_blog\service\node_modules\egg-logrotator\app\schedule\rotate_by_file.js
2020-08-03 19:54:52,076 INFO 12920 [egg-schedule]: register schedule D:\react_blog\service\node_modules\egg-multipart\app\schedule\clean_tmpdir.js
2020-08-03 19:54:52,076 INFO 12920 [egg-schedule]: register schedule D:\react_blog\service\node_modules\egg-logrotator\app\schedule\clean_log.js
2020-08-03 19:54:52,076 INFO 12920 [egg-schedule]: register schedule D:\react_blog\service\node_modules\egg-logrotator\app\schedule\rotate_by_file.js
2020-08-03 19:59:15,228 INFO 16872 [egg-schedule]: register schedule D:\react_blog\service\node_modules\egg-multipart\app\schedule\clean_tmpdir.js
2020-08-03 19:59:15,228 INFO 16872 [egg-schedule]: register schedule D:\react_blog\service\node_modules\egg-logrotator\app\schedule\clean_log.js
2020-08-03 19:59:15,228 INFO 16872 [egg-schedule]: register schedule D:\react_blog\service\node_modules\egg-logrotator\app\schedule\rotate_by_file.js
2020-08-03 20:03:03,012 INFO 15404 [egg-schedule]: register schedule D:\react_blog\service\node_modules\egg-multipart\app\schedule\clean_tmpdir.js
2020-08-03 20:03:03,012 INFO 15404 [egg-schedule]: register schedule D:\react_blog\service\node_modules\egg-logrotator\app\schedule\clean_log.js
2020-08-03 20:03:03,012 INFO 15404 [egg-schedule]: register schedule D:\react_blog\service\node_modules\egg-logrotator\app\schedule\rotate_by_file.js
2020-08-03 20:03:15,521 INFO 10936 [egg-schedule]: register schedule D:\react_blog\service\node_modules\egg-multipart\app\schedule\clean_tmpdir.js
2020-08-03 20:03:15,521 INFO 10936 [egg-schedule]: register schedule D:\react_blog\service\node_modules\egg-logrotator\app\schedule\clean_log.js
2020-08-03 20:03:15,521 INFO 10936 [egg-schedule]: register schedule D:\react_blog\service\node_modules\egg-logrotator\app\schedule\rotate_by_file.js
2020-08-03 20:07:48,462 INFO 6976 [egg-schedule]: register schedule D:\react_blog\service\node_modules\egg-multipart\app\schedule\clean_tmpdir.js
2020-08-03 20:07:48,462 INFO 6976 [egg-schedule]: register schedule D:\react_blog\service\node_modules\egg-logrotator\app\schedule\clean_log.js
2020-08-03 20:07:48,462 INFO 6976 [egg-schedule]: register schedule D:\react_blog\service\node_modules\egg-logrotator\app\schedule\rotate_by_file.js
2020-08-03 20:09:35,308 INFO 10732 [egg-schedule]: register schedule D:\react_blog\service\node_modules\egg-multipart\app\schedule\clean_tmpdir.js
2020-08-03 20:09:35,308 INFO 10732 [egg-schedule]: register schedule D:\react_blog\service\node_modules\egg-logrotator\app\schedule\clean_log.js
2020-08-03 20:09:35,308 INFO 10732 [egg-schedule]: register schedule D:\react_blog\service\node_modules\egg-logrotator\app\schedule\rotate_by_file.js
2020-08-03 20:09:47,323 INFO 16640 [egg-schedule]: register schedule D:\react_blog\service\node_modules\egg-multipart\app\schedule\clean_tmpdir.js
2020-08-03 20:09:47,323 INFO 16640 [egg-schedule]: register schedule D:\react_blog\service\node_modules\egg-logrotator\app\schedule\clean_log.js
2020-08-03 20:09:47,323 INFO 16640 [egg-schedule]: register schedule D:\react_blog\service\node_modules\egg-logrotator\app\schedule\rotate_by_file.js
